2025-05-06T19:54:55.213Z [1]: DOM fully loaded - initializing application
2025-05-06T19:54:55.215Z [2]: %cElectron Security Warning (Insecure Content-Security-Policy) font-weight: bold; This renderer process has either no Content Security
  Policy set or a policy with "unsafe-eval" enabled. This exposes users of
  this app to unnecessary security risks.

For more information and help, consult
https://electronjs.org/docs/tutorial/security.
This warning will not show up
once the app is packaged.
2025-05-06T19:54:56.227Z [1]: Adding test mod with long text for tooltip testing
2025-05-06T19:54:56.228Z [1]: Creating test mod for tooltip testing
2025-05-06T19:54:56.233Z [1]: Test mod added successfully
2025-05-06T19:54:57.247Z [1]: Setting up tooltip debug listeners
2025-05-06T19:54:57.247Z [1]: Found element: Mod Name...
2025-05-06T19:54:57.248Z [1]: Title attribute: null
2025-05-06T19:54:57.248Z [1]: Found element: Website...
2025-05-06T19:54:57.249Z [1]: Title attribute: null
2025-05-06T19:54:57.249Z [1]: Found element: Description...
2025-05-06T19:54:57.250Z [1]: Title attribute: null
2025-05-06T19:54:57.251Z [1]: Found element: BadOptimizations...
2025-05-06T19:54:57.251Z [1]: Title attribute: BadOptimizations
2025-05-06T19:54:57.252Z [1]: Found element: https://www.cursefor...
2025-05-06T19:54:57.252Z [1]: Title attribute: null
2025-05-06T19:54:57.252Z [1]: Found element: BadOptimizations is ...
2025-05-06T19:54:57.253Z [1]: Title attribute: BadOptimizations is a lightweight mod that bundles several micro-optimizations for Minecraft, reducing unnecessary client-side calculations like lightmap updates, sky color sampling, and debug logic. It improves performance—especially in stable environments—without changing gameplay, and all tweaks are configurable. No dependencies required.
2025-05-06T19:54:57.253Z [1]: Found element: This is a very long ...
2025-05-06T19:54:57.254Z [1]: Title attribute: This is a very long mod name that should definitely get truncated in the user interface and show a tooltip when hovered
2025-05-06T19:54:57.254Z [1]: Found element: https://www.example....
2025-05-06T19:54:57.254Z [1]: Title attribute: null
2025-05-06T19:54:57.255Z [1]: Found element: This is a very long ...
2025-05-06T19:54:57.255Z [1]: Title attribute: This is a very long description that should definitely get truncated in the user interface. It contains a lot of text to ensure that the ellipsis appears and we can test if the tooltip functionality is working correctly when hovering over this text.
2025-05-06T19:54:59.110Z [1]: Mouse entered element: Description...
2025-05-06T19:54:59.364Z [1]: Mouse left element: Description...
2025-05-06T19:54:59.404Z [1]: Mouse entered element: BadOptimizations is ...
2025-05-06T19:54:59.420Z [1]: Mouse left element: BadOptimizations is ...
2025-05-06T19:55:04.358Z [1]: Mouse entered element: Website...
2025-05-06T19:55:04.368Z [1]: Mouse left element: Website...
2025-05-06T19:55:04.386Z [1]: Mouse entered element: https://www.cursefor...
2025-05-06T19:55:04.395Z [1]: Mouse left element: https://www.cursefor...
2025-05-06T19:55:04.395Z [1]: Mouse entered element: BadOptimizations is ...
2025-05-06T19:55:04.396Z [1]: Mouse left element: BadOptimizations is ...
2025-05-06T19:55:04.476Z [1]: Mouse entered element: BadOptimizations is ...
2025-05-06T19:55:04.490Z [1]: Mouse left element: BadOptimizations is ...
2025-05-06T19:55:04.491Z [1]: Mouse entered element: https://www.cursefor...
2025-05-06T19:55:04.508Z [1]: Mouse left element: https://www.cursefor...
2025-05-06T19:55:04.574Z [1]: Mouse entered element: https://www.cursefor...
2025-05-06T19:55:04.714Z [1]: Mouse left element: https://www.cursefor...
2025-05-06T19:55:04.715Z [1]: Mouse entered element: BadOptimizations is ...
2025-05-06T19:55:04.760Z [1]: Mouse left element: BadOptimizations is ...
2025-05-06T19:55:04.824Z [1]: Mouse entered element: BadOptimizations is ...
2025-05-06T19:55:05.336Z [1]: Mouse left element: BadOptimizations is ...
2025-05-06T19:55:05.402Z [1]: Mouse entered element: This is a very long ...
2025-05-06T19:55:05.410Z [1]: Mouse left element: This is a very long ...
2025-05-06T19:55:05.411Z [1]: Mouse entered element: https://www.example....
2025-05-06T19:55:05.438Z [1]: Mouse left element: https://www.example....
2025-05-06T19:55:05.736Z [1]: Mouse entered element: This is a very long ...
2025-05-06T19:55:06.538Z [1]: Mouse left element: This is a very long ...
2025-05-06T19:55:06.539Z [1]: Mouse entered element: https://www.example....
2025-05-06T19:55:06.624Z [1]: Mouse left element: https://www.example....
2025-05-06T19:55:06.625Z [1]: Mouse entered element: This is a very long ...
2025-05-06T19:55:06.844Z [1]: Mouse left element: This is a very long ...
2025-05-06T19:55:06.970Z [1]: Mouse entered element: This is a very long ...
2025-05-06T19:55:07.526Z [1]: Mouse left element: This is a very long ...
2025-05-06T19:55:07.527Z [1]: Mouse entered element: https://www.example....
2025-05-06T19:55:09.492Z [1]: Mouse left element: https://www.example....
2025-05-06T19:55:09.493Z [1]: Mouse entered element: This is a very long ...
2025-05-06T19:55:09.686Z [1]: Mouse left element: This is a very long ...
2025-05-06T19:55:09.804Z [1]: Mouse entered element: This is a very long ...
2025-05-06T19:55:16.968Z [1]: Mouse left element: This is a very long ...
2025-05-06T19:55:17.202Z [1]: Mouse entered element: BadOptimizations is ...
2025-05-06T19:55:22.178Z [1]: Mouse left element: BadOptimizations is ...
2025-05-06T19:55:22.612Z [1]: Mouse entered element: BadOptimizations is ...
2025-05-06T19:55:23.146Z [1]: Mouse left element: BadOptimizations is ...
2025-05-06T19:55:23.174Z [1]: Mouse entered element: Description...
2025-05-06T19:55:23.182Z [1]: Mouse left element: Description...
2025-05-06T19:55:24.860Z [1]: Mouse entered element: Description...
2025-05-06T19:55:24.871Z [1]: Mouse left element: Description...
2025-05-06T19:55:24.894Z [1]: Mouse entered element: BadOptimizations is ...
2025-05-06T19:55:24.910Z [1]: Mouse left element: BadOptimizations is ...
2025-05-06T19:55:24.971Z [1]: Mouse entered element: BadOptimizations is ...
2025-05-06T19:55:24.994Z [1]: Mouse left element: BadOptimizations is ...
2025-05-06T19:55:25.026Z [1]: Mouse entered element: Description...
2025-05-06T19:55:25.054Z [1]: Mouse left element: Description...
2025-05-06T19:55:25.199Z [1]: Mouse entered element: Description...
2025-05-06T19:55:25.221Z [1]: Mouse left element: Description...
2025-05-06T19:55:25.249Z [1]: Mouse entered element: BadOptimizations is ...
2025-05-06T19:55:25.283Z [1]: Mouse left element: BadOptimizations is ...
2025-05-06T19:55:25.399Z [1]: Mouse entered element: This is a very long ...
2025-05-06T19:55:25.460Z [1]: Mouse left element: This is a very long ...
2025-05-06T19:55:25.494Z [1]: Mouse entered element: BadOptimizations is ...
2025-05-06T19:55:25.505Z [1]: Mouse left element: BadOptimizations is ...
2025-05-06T19:55:25.521Z [1]: Mouse entered element: Description...
2025-05-06T19:55:25.532Z [1]: Mouse left element: Description...
2025-05-06T19:55:25.688Z [1]: Mouse entered element: Description...
2025-05-06T19:55:25.704Z [1]: Mouse left element: Description...
2025-05-06T19:55:25.749Z [1]: Mouse entered element: BadOptimizations is ...
2025-05-06T19:55:29.166Z [1]: Mouse left element: BadOptimizations is ...
2025-05-06T19:55:29.193Z [1]: Mouse entered element: This is a very long ...
2025-05-06T19:55:29.205Z [1]: Mouse left element: This is a very long ...
2025-05-06T19:55:29.416Z [1]: Mouse entered element: This is a very long ...
2025-05-06T19:55:29.427Z [1]: Mouse left element: This is a very long ...
2025-05-06T19:55:29.655Z [1]: Mouse entered element: BadOptimizations is ...
2025-05-06T19:55:33.182Z [1]: Mouse left element: BadOptimizations is ...
2025-05-06T19:55:33.210Z [1]: Mouse entered element: This is a very long ...
2025-05-06T19:55:33.232Z [1]: Mouse left element: This is a very long ...
2025-05-06T19:55:33.477Z [1]: Mouse entered element: This is a very long ...
2025-05-06T19:55:38.049Z [1]: Mouse left element: This is a very long ...
2025-05-06T19:55:57.737Z [1]: Mouse entered element: https://www.example....
2025-05-06T19:55:57.792Z [1]: Mouse left element: https://www.example....
2025-05-06T19:55:57.893Z [1]: Mouse entered element: https://www.example....
2025-05-06T19:55:57.921Z [1]: Mouse left element: https://www.example....
2025-05-06T19:55:58.071Z [1]: Mouse entered element: https://www.cursefor...
2025-05-06T19:56:01.382Z [1]: Mouse left element: https://www.cursefor...
2025-05-06T19:56:01.383Z [1]: Mouse entered element: BadOptimizations is ...
2025-05-06T19:56:04.082Z [1]: Mouse left element: BadOptimizations is ...
2025-05-06T19:56:04.104Z [1]: Mouse entered element: https://www.example....
2025-05-06T19:56:04.120Z [1]: Mouse left element: https://www.example....
2025-05-06T19:56:35.647Z [1]: Mouse entered element: Website...
2025-05-06T19:56:35.664Z [1]: Mouse left element: Website...
2025-05-06T19:56:35.681Z [1]: Mouse entered element: https://www.cursefor...
2025-05-06T19:56:35.692Z [1]: Mouse left element: https://www.cursefor...
2025-05-06T19:56:35.709Z [1]: Mouse entered element: This is a very long ...
2025-05-06T19:56:35.714Z [1]: Mouse left element: This is a very long ...
2025-05-06T19:56:36.448Z [1]: Mouse entered element: This is a very long ...
2025-05-06T19:56:36.475Z [1]: Mouse left element: This is a very long ...
2025-05-06T19:56:36.901Z [1]: Mouse entered element: BadOptimizations is ...
2025-05-06T19:56:38.587Z [1]: Mouse left element: BadOptimizations is ...
2025-05-06T19:56:38.603Z [1]: Mouse entered element: This is a very long ...
2025-05-06T19:56:38.609Z [1]: Mouse left element: This is a very long ...
2025-05-06T19:56:40.986Z [1]: Mouse entered element: https://www.example....
2025-05-06T19:56:41.003Z [1]: Mouse left element: https://www.example....
2025-05-06T19:56:41.004Z [1]: Mouse entered element: This is a very long ...
2025-05-06T19:56:41.014Z [1]: Mouse left element: This is a very long ...
2025-05-06T19:56:41.092Z [1]: Mouse entered element: BadOptimizations is ...
2025-05-06T19:56:47.559Z [1]: Mouse left element: BadOptimizations is ...
2025-05-06T19:56:47.575Z [1]: Mouse entered element: https://www.example....
2025-05-06T19:56:47.586Z [1]: Mouse left element: https://www.example....
2025-05-06T19:57:01.680Z [1]: Mouse entered element: This is a very long ...
2025-05-06T19:57:01.692Z [1]: Mouse left element: This is a very long ...
2025-05-06T19:57:44.356Z [1]: DOM fully loaded - initializing application
2025-05-06T19:57:44.358Z [2]: %cElectron Security Warning (Insecure Content-Security-Policy) font-weight: bold; This renderer process has either no Content Security
  Policy set or a policy with "unsafe-eval" enabled. This exposes users of
  this app to unnecessary security risks.

For more information and help, consult
https://electronjs.org/docs/tutorial/security.
This warning will not show up
once the app is packaged.
2025-05-06T19:57:45.358Z [1]: Adding test mod with long text for tooltip testing
2025-05-06T19:57:45.359Z [1]: Creating test mod for tooltip testing
2025-05-06T19:57:45.363Z [1]: Test mod added successfully
2025-05-06T19:57:46.366Z [1]: Setting up tooltip debug listeners
2025-05-06T19:57:46.366Z [1]: Found element: Mod Name...
2025-05-06T19:57:46.367Z [1]: Title attribute: null
2025-05-06T19:57:46.367Z [1]: Found element: Website...
2025-05-06T19:57:46.368Z [1]: Title attribute: null
2025-05-06T19:57:46.368Z [1]: Found element: Description...
2025-05-06T19:57:46.368Z [1]: Title attribute: null
2025-05-06T19:57:46.368Z [1]: Found element: 
        
          ...
2025-05-06T19:57:46.369Z [1]: Title attribute: null
2025-05-06T19:57:46.369Z [1]: Found element: 
        
          ...
2025-05-06T19:57:46.369Z [1]: Title attribute: null
2025-05-06T19:57:46.370Z [1]: Found element: 
        
          ...
2025-05-06T19:57:46.370Z [1]: Title attribute: null
2025-05-06T19:57:46.370Z [1]: Found element: 
        
          ...
2025-05-06T19:57:46.370Z [1]: Title attribute: null
2025-05-06T19:57:46.371Z [1]: Found element: 
        
          ...
2025-05-06T19:57:46.371Z [1]: Title attribute: null
2025-05-06T19:57:46.371Z [1]: Found element: 
        
          ...
2025-05-06T19:57:46.371Z [1]: Title attribute: null
2025-05-06T19:57:46.372Z [1]: Found element: 
        
          ...
2025-05-06T19:57:46.372Z [1]: Title attribute: null
2025-05-06T19:57:46.372Z [1]: Found element: 
        
          ...
2025-05-06T19:57:46.373Z [1]: Title attribute: null
2025-05-06T19:57:46.373Z [1]: Found element: 
        
          ...
2025-05-06T19:57:46.373Z [1]: Title attribute: null
2025-05-06T19:57:46.897Z [1]: Mouse left element: 
        
          ...
2025-05-06T19:57:48.047Z [1]: Mouse entered element: 
        
          ...
2025-05-06T19:57:48.051Z [1]: Mouse left element: 
        
          ...
2025-05-06T19:57:48.055Z [1]: Mouse entered element: 
        
          ...
2025-05-06T19:57:48.059Z [1]: Mouse left element: 
        
          ...
2025-05-06T19:57:48.063Z [1]: Mouse entered element: 
        
          ...
2025-05-06T19:57:48.067Z [1]: Mouse left element: 
        
          ...
2025-05-06T19:57:48.490Z [1]: Mouse entered element: 
        
          ...
2025-05-06T19:57:48.501Z [1]: Mouse left element: 
        
          ...
2025-05-06T19:57:48.512Z [1]: Mouse entered element: 
        
          ...
2025-05-06T19:57:48.526Z [1]: Mouse left element: 
        
          ...
2025-05-06T19:57:48.728Z [1]: Mouse entered element: 
        
          ...
2025-05-06T19:57:50.561Z [1]: Mouse left element: 
        
          ...
2025-05-06T19:57:50.561Z [1]: Mouse entered element: 
        
          ...
2025-05-06T19:57:50.767Z [1]: Mouse left element: 
        
          ...
2025-05-06T19:57:50.767Z [1]: Mouse entered element: 
        
          ...
2025-05-06T19:57:52.625Z [1]: Mouse left element: 
        
          ...
2025-05-06T19:57:52.672Z [1]: Mouse entered element: 
        
          ...
2025-05-06T19:57:52.692Z [1]: Mouse left element: 
        
          ...
2025-05-06T19:57:52.721Z [1]: Mouse entered element: 
        
          ...
2025-05-06T19:57:52.734Z [1]: Mouse left element: 
        
          ...
2025-05-06T19:57:53.863Z [1]: Mouse entered element: 
        
          ...
2025-05-06T19:57:53.869Z [1]: Mouse left element: 
        
          ...
2025-05-06T19:57:53.880Z [1]: Mouse entered element: 
        
          ...
2025-05-06T19:57:53.885Z [1]: Mouse left element: 
        
          ...
2025-05-06T19:57:53.896Z [1]: Mouse entered element: 
        
          ...
2025-05-06T19:57:53.947Z [1]: Mouse left element: 
        
          ...
2025-05-06T19:57:53.974Z [1]: Mouse entered element: 
        
          ...
2025-05-06T19:57:53.997Z [1]: Mouse left element: 
        
          ...
2025-05-06T19:57:54.012Z [1]: Mouse entered element: 
        
          ...
2025-05-06T19:57:54.030Z [1]: Mouse left element: 
        
          ...
2025-05-06T19:57:54.107Z [1]: Mouse entered element: 
        
          ...
2025-05-06T19:57:54.129Z [1]: Mouse left element: 
        
          ...
2025-05-06T19:57:54.335Z [1]: Mouse entered element: 
        
          ...
2025-05-06T19:58:02.008Z [1]: Mouse left element: 
        
          ...
2025-05-06T19:58:02.013Z [1]: Mouse entered element: 
        
          ...
2025-05-06T19:58:02.019Z [1]: Mouse left element: 
        
          ...
2025-05-06T19:58:02.030Z [1]: Mouse entered element: 
        
          ...
2025-05-06T19:58:02.035Z [1]: Mouse left element: 
        
          ...
2025-05-06T20:01:45.024Z [1]: DOM fully loaded - initializing application
2025-05-06T20:01:45.026Z [2]: %cElectron Security Warning (Insecure Content-Security-Policy) font-weight: bold; This renderer process has either no Content Security
  Policy set or a policy with "unsafe-eval" enabled. This exposes users of
  this app to unnecessary security risks.

For more information and help, consult
https://electronjs.org/docs/tutorial/security.
This warning will not show up
once the app is packaged.
2025-05-06T20:01:46.036Z [1]: Adding test mod with long text for tooltip testing
2025-05-06T20:01:46.037Z [1]: Creating test mod for tooltip testing
2025-05-06T20:01:46.040Z [1]: Test mod added successfully
2025-05-06T20:01:47.055Z [1]: Setting up tooltip debug listeners
2025-05-06T20:01:47.056Z [1]: Found element: Mod Name...
2025-05-06T20:01:47.057Z [1]: Title attribute: null
2025-05-06T20:01:47.057Z [1]: Found element: Website...
2025-05-06T20:01:47.058Z [1]: Title attribute: null
2025-05-06T20:01:47.059Z [1]: Found element: Description...
2025-05-06T20:01:47.059Z [1]: Title attribute: null
2025-05-06T20:01:47.059Z [1]: Found element: BadOptimizations...
2025-05-06T20:01:47.060Z [1]: Title attribute: null
2025-05-06T20:01:47.060Z [1]: Found element: https://www.cursefor...
2025-05-06T20:01:47.061Z [1]: Title attribute: null
2025-05-06T20:01:47.061Z [1]: Found element: BadOptimizations is ...
2025-05-06T20:01:47.061Z [1]: Title attribute: null
2025-05-06T20:01:47.062Z [1]: Found element: This is a very long ...
2025-05-06T20:01:47.063Z [1]: Title attribute: null
2025-05-06T20:01:47.063Z [1]: Found element: https://www.example....
2025-05-06T20:01:47.064Z [1]: Title attribute: null
2025-05-06T20:01:47.064Z [1]: Found element: This is a very long ...
2025-05-06T20:01:47.065Z [1]: Title attribute: null
2025-05-06T20:01:47.065Z [1]: Found element: This is a very long ...
2025-05-06T20:01:47.065Z [1]: Title attribute: null
2025-05-06T20:01:47.066Z [1]: Found element: https://www.example....
2025-05-06T20:01:47.067Z [1]: Title attribute: null
2025-05-06T20:01:47.067Z [1]: Found element: This is a very long ...
2025-05-06T20:01:47.067Z [1]: Title attribute: null
2025-05-06T20:01:47.068Z [1]: Found element: This is a very long ...
2025-05-06T20:01:47.068Z [1]: Title attribute: null
2025-05-06T20:01:47.069Z [1]: Found element: https://www.example....
2025-05-06T20:01:47.069Z [1]: Title attribute: null
2025-05-06T20:01:47.069Z [1]: Found element: This is a very long ...
2025-05-06T20:01:47.070Z [1]: Title attribute: null
2025-05-06T20:01:51.173Z [1]: Mouse entered element: Description...
2025-05-06T20:01:51.183Z [1]: Mouse left element: Description...
2025-05-06T20:01:51.197Z [1]: Mouse entered element: BadOptimizations is ...
2025-05-06T20:01:51.211Z [1]: Mouse left element: BadOptimizations is ...
2025-05-06T20:01:51.233Z [1]: Mouse entered element: This is a very long ...
2025-05-06T20:01:51.285Z [1]: Mouse left element: This is a very long ...
2025-05-06T20:01:51.437Z [1]: Mouse entered element: BadOptimizations is ...
2025-05-06T20:01:51.529Z [1]: Mouse left element: BadOptimizations is ...
2025-05-06T20:01:51.715Z [1]: Mouse entered element: BadOptimizations is ...
2025-05-06T20:01:52.542Z [1]: Mouse left element: BadOptimizations is ...
2025-05-06T20:01:53.896Z [1]: Mouse entered element: Description...
2025-05-06T20:01:53.924Z [1]: Mouse left element: Description...
2025-05-06T20:01:54.141Z [1]: Mouse entered element: BadOptimizations is ...
2025-05-06T20:02:02.535Z [1]: Mouse left element: BadOptimizations is ...
2025-05-06T20:02:02.568Z [1]: Mouse entered element: This is a very long ...
2025-05-06T20:02:02.597Z [1]: Mouse left element: This is a very long ...
2025-05-06T20:02:02.902Z [1]: Mouse entered element: This is a very long ...
2025-05-06T20:02:03.013Z [1]: Mouse left element: This is a very long ...
2025-05-06T20:02:03.102Z [1]: Mouse entered element: This is a very long ...
2025-05-06T20:02:03.813Z [1]: Mouse left element: This is a very long ...
2025-05-06T20:02:04.085Z [1]: Mouse entered element: This is a very long ...
2025-05-06T20:02:04.296Z [1]: Mouse left element: This is a very long ...
2025-05-06T20:02:04.581Z [1]: Mouse entered element: https://www.example....
2025-05-06T20:02:05.224Z [1]: Mouse left element: https://www.example....
2025-05-06T20:02:05.225Z [1]: Mouse entered element: This is a very long ...
2025-05-06T20:02:05.363Z [1]: Mouse left element: This is a very long ...
2025-05-06T20:02:05.613Z [1]: Mouse entered element: This is a very long ...
2025-05-06T20:02:06.424Z [1]: Mouse left element: This is a very long ...
2025-05-06T20:02:06.474Z [1]: Mouse entered element: BadOptimizations...
2025-05-06T20:02:07.341Z [1]: Mouse left element: BadOptimizations...
2025-05-06T20:02:07.363Z [1]: Mouse entered element: This is a very long ...
2025-05-06T20:02:12.218Z [1]: Mouse left element: This is a very long ...
2025-05-06T20:02:12.252Z [1]: Mouse entered element: This is a very long ...
2025-05-06T20:02:12.269Z [1]: Mouse left element: This is a very long ...
2025-05-06T20:02:12.279Z [1]: Mouse entered element: This is a very long ...
2025-05-06T20:02:12.291Z [1]: Mouse left element: This is a very long ...
2025-05-06T20:02:12.774Z [1]: Mouse entered element: This is a very long ...
2025-05-06T20:02:12.796Z [1]: Mouse left element: This is a very long ...
2025-05-06T20:02:13.013Z [1]: Mouse entered element: This is a very long ...
2025-05-06T20:02:13.029Z [1]: Mouse left element: This is a very long ...
2025-05-06T20:02:13.030Z [1]: Mouse entered element: https://www.example....
2025-05-06T20:02:13.041Z [1]: Mouse left element: https://www.example....
2025-05-06T20:02:13.090Z [1]: Mouse entered element: https://www.example....
2025-05-06T20:02:13.102Z [1]: Mouse left element: https://www.example....
2025-05-06T20:02:13.102Z [1]: Mouse entered element: This is a very long ...
2025-05-06T20:02:13.369Z [1]: Mouse left element: This is a very long ...
2025-05-06T20:02:39.135Z [1]: Mouse entered element: This is a very long ...
2025-05-06T20:02:39.162Z [1]: Mouse left element: This is a very long ...
2025-05-06T20:02:39.251Z [1]: Mouse entered element: This is a very long ...
2025-05-06T20:02:39.363Z [1]: Mouse left element: This is a very long ...
2025-05-06T20:02:39.363Z [1]: Mouse entered element: https://www.example....
2025-05-06T20:02:39.490Z [1]: Mouse left element: https://www.example....
2025-05-06T20:02:39.491Z [1]: Mouse entered element: This is a very long ...
2025-05-06T20:02:40.813Z [1]: Mouse left element: This is a very long ...
2025-05-06T20:02:40.829Z [1]: Mouse entered element: This is a very long ...
2025-05-06T20:02:40.846Z [1]: Mouse left element: This is a very long ...
2025-05-06T20:02:40.863Z [1]: Mouse entered element: This is a very long ...
2025-05-06T20:02:40.945Z [1]: Mouse left element: This is a very long ...
2025-05-06T20:02:41.012Z [1]: Mouse entered element: BadOptimizations...
2025-05-06T20:02:42.145Z [1]: Mouse left element: BadOptimizations...
2025-05-06T20:02:42.162Z [1]: Mouse entered element: This is a very long ...
2025-05-06T20:02:42.168Z [1]: Mouse left element: This is a very long ...
2025-05-06T20:02:42.179Z [1]: Mouse entered element: This is a very long ...
2025-05-06T20:02:42.190Z [1]: Mouse left element: This is a very long ...
2025-05-06T20:02:42.195Z [1]: Mouse entered element: This is a very long ...
2025-05-06T20:02:42.207Z [1]: Mouse left element: This is a very long ...
2025-05-06T20:02:42.390Z [1]: Mouse entered element: This is a very long ...
2025-05-06T20:02:44.563Z [1]: Mouse left element: This is a very long ...
2025-05-06T20:02:44.563Z [1]: Mouse entered element: https://www.example....
2025-05-06T20:02:44.568Z [1]: Mouse left element: https://www.example....
2025-05-06T20:03:29.895Z [1]: Mouse entered element: This is a very long ...
2025-05-06T20:03:29.912Z [1]: Mouse left element: This is a very long ...
2025-05-06T20:04:01.671Z [1]: DOM fully loaded - initializing application
2025-05-06T20:04:01.674Z [2]: %cElectron Security Warning (Insecure Content-Security-Policy) font-weight: bold; This renderer process has either no Content Security
  Policy set or a policy with "unsafe-eval" enabled. This exposes users of
  this app to unnecessary security risks.

For more information and help, consult
https://electronjs.org/docs/tutorial/security.
This warning will not show up
once the app is packaged.
2025-05-06T20:05:55.453Z [1]: DOM fully loaded - initializing application
2025-05-06T20:05:55.456Z [2]: %cElectron Security Warning (Insecure Content-Security-Policy) font-weight: bold; This renderer process has either no Content Security
  Policy set or a policy with "unsafe-eval" enabled. This exposes users of
  this app to unnecessary security risks.

For more information and help, consult
https://electronjs.org/docs/tutorial/security.
This warning will not show up
once the app is packaged.
2025-05-06T20:11:06.636Z [1]: DOM fully loaded - initializing application
2025-05-06T20:11:06.640Z [2]: %cElectron Security Warning (Insecure Content-Security-Policy) font-weight: bold; This renderer process has either no Content Security
  Policy set or a policy with "unsafe-eval" enabled. This exposes users of
  this app to unnecessary security risks.

For more information and help, consult
https://electronjs.org/docs/tutorial/security.
This warning will not show up
once the app is packaged.
2025-05-06T20:11:15.580Z [1]: DOM fully loaded - initializing application
2025-05-06T20:11:15.584Z [2]: %cElectron Security Warning (Insecure Content-Security-Policy) font-weight: bold; This renderer process has either no Content Security
  Policy set or a policy with "unsafe-eval" enabled. This exposes users of
  this app to unnecessary security risks.

For more information and help, consult
https://electronjs.org/docs/tutorial/security.
This warning will not show up
once the app is packaged.
2025-05-06T20:16:52.809Z [1]: DOM fully loaded - initializing application
2025-05-06T20:16:52.813Z [2]: %cElectron Security Warning (Insecure Content-Security-Policy) font-weight: bold; This renderer process has either no Content Security
  Policy set or a policy with "unsafe-eval" enabled. This exposes users of
  this app to unnecessary security risks.

For more information and help, consult
https://electronjs.org/docs/tutorial/security.
This warning will not show up
once the app is packaged.
2025-05-06T20:19:41.437Z [1]: DOM fully loaded - initializing application
2025-05-06T20:19:41.441Z [2]: %cElectron Security Warning (Insecure Content-Security-Policy) font-weight: bold; This renderer process has either no Content Security
  Policy set or a policy with "unsafe-eval" enabled. This exposes users of
  this app to unnecessary security risks.

For more information and help, consult
https://electronjs.org/docs/tutorial/security.
This warning will not show up
once the app is packaged.
